<?xml version="1.0" encoding="UTF-8"?>
<testsuite xmlns:xsi="http://www.w3.org/2001/XMLSchema-instance" xsi:noNamespaceSchemaLocation="https://maven.apache.org/surefire/maven-surefire-plugin/xsd/surefire-test-report-3.0.xsd" version="3.0" name="step_definition.RunCukesTest" time="107.105" tests="49" errors="0" skipped="0" failures="0">
  <properties>
[...]
</properties>
  <testcase name="Given user membuka situs psegameshop" classname="Scenario: Login with valid value" time="0.001">
    <system-out><![CDATA[@LoginTes
Feature: LoginTes
  User ingin melakukan login di https://www.psegameshop.com/
]]></system-out>
    <system-err><![CDATA[SLF4J: Failed to load class "org.slf4j.impl.StaticLoggerBinder".
SLF4J: Defaulting to no-operation (NOP) logger implementation
SLF4J: See http://www.slf4j.org/codes.html#StaticLoggerBinder for further details.
Feb 08, 2024 9:42:04 AM org.openqa.selenium.devtools.CdpVersionFinder findNearestMatch
WARNING: Unable to find CDP implementation matching 121
Feb 08, 2024 9:42:04 AM org.openqa.selenium.chromium.ChromiumDriver lambda$new$5
WARNING: Unable to find version of CDP to use for 121.0.6167.141. You may need to include a dependency on a specific version of the CDP using something similar to `org.seleniumhq.selenium:selenium-devtools-v86:4.12.0` where the version ("v86") matches the version of the chromium-based browser you're using and the version number of the artifact is the same as Selenium's.
]]></system-err>
  </testcase>
  <testcase name="When user memastikan header logo dan tombol akun terlihat pada halaman" classname="Scenario: Login with valid value" time="0.0"/>
  <testcase name="And user click button icon akun user untuk login" classname="Scenario: Login with valid value" time="0.0"/>
  <testcase name="And user memastikan label login label username label password terlihat pada halaman" classname="Scenario: Login with valid value" time="0.0"/>
  <testcase name="Then user melakukan input username &quot;mukhlisanshori123@gmail.com&quot; password &quot;PasswordMukhlis123!&quot;" classname="Scenario: Login with valid value" time="0.0"/>
  <testcase name="And user memastikan button login bisa di click" classname="Scenario: Login with valid value" time="0.0"/>
  <testcase name="And user click button Login" classname="Scenario: Login with valid value" time="0.0"/>
  <testcase name="Then user berhasil login" classname="Scenario: Login with valid value" time="0.0"/>
  <testcase name="" classname="Scenario: Login with valid value" time="0.963"/>
  <testcase name="Given user membuka situs psegameshop" classname="Scenario: Login with username and password null" time="0.0">
    <system-out><![CDATA[
  @LoginTes
  Scenario: Login with valid value                                                                  &amp#27;[90m# features/LoginTes.feature:5&amp#27;[0m
    &amp#27;[32mGiven &amp#27;[0m&amp#27;[32muser membuka situs psegameshop&amp#27;[0m                                                            &amp#27;[90m# Login.dashboardPage()&amp#27;[0m
    &amp#27;[32mWhen &amp#27;[0m&amp#27;[32muser memastikan header logo dan tombol akun terlihat pada halaman&amp#27;[0m                          &amp#27;[90m# Login.headerAkunDisplayed()&amp#27;[0m
    &amp#27;[32mAnd &amp#27;[0m&amp#27;[32muser click button icon akun user untuk login&amp#27;[0m                                                &amp#27;[90m# Login.clickAkun()&amp#27;[0m
    &amp#27;[32mAnd &amp#27;[0m&amp#27;[32muser memastikan label login label username label password terlihat pada halaman&amp#27;[0m             &amp#27;[90m# Login.cekLabel()&amp#27;[0m
    &amp#27;[32mThen &amp#27;[0m&amp#27;[32muser melakukan input username "&amp#27;[0m&amp#27;[32m&amp#27;[1mmukhlisanshori123@gmail.com&amp#27;[0m&amp#27;[32m" password "&amp#27;[0m&amp#27;[32m&amp#27;[1mPasswordMukhlis123!&amp#27;[0m&amp#27;[32m"&amp#27;[0m &amp#27;[90m# Login.inputUserPass(String,String)&amp#27;[0m
    &amp#27;[32mAnd &amp#27;[0m&amp#27;[32muser memastikan button login bisa di click&amp#27;[0m                                                  &amp#27;[90m# Login.buttonLoginClickable()&amp#27;[0m
    &amp#27;[32mAnd &amp#27;[0m&amp#27;[32muser click button Login&amp#27;[0m                                                                     &amp#27;[90m# Login.clickLogin()&amp#27;[0m
    &amp#27;[32mThen &amp#27;[0m&amp#27;[32muser berhasil login&amp#27;[0m                                                                        &amp#27;[90m# Login.suksesLogin()&amp#27;[0m
]]></system-out>
    <system-err><![CDATA[Feb 08, 2024 9:42:28 AM org.openqa.selenium.devtools.CdpVersionFinder findNearestMatch
WARNING: Unable to find CDP implementation matching 121
Feb 08, 2024 9:42:28 AM org.openqa.selenium.chromium.ChromiumDriver lambda$new$5
WARNING: Unable to find version of CDP to use for 121.0.6167.141. You may need to include a dependency on a specific version of the CDP using something similar to `org.seleniumhq.selenium:selenium-devtools-v86:4.12.0` where the version ("v86") matches the version of the chromium-based browser you're using and the version number of the artifact is the same as Selenium's.
]]></system-err>
  </testcase>
  <testcase name="When user memastikan header logo dan tombol akun terlihat pada halaman" classname="Scenario: Login with username and password null" time="0.0"/>
  <testcase name="And user click button icon akun user untuk login" classname="Scenario: Login with username and password null" time="0.0"/>
  <testcase name="And user memastikan label login label username label password terlihat pada halaman" classname="Scenario: Login with username and password null" time="0.0"/>
  <testcase name="Then user melakukan input username &quot;&quot; password &quot;&quot;" classname="Scenario: Login with username and password null" time="0.0"/>
  <testcase name="And user click button Login" classname="Scenario: Login with username and password null" time="0.0"/>
  <testcase name="Then alert username require muncul pada halaman" classname="Scenario: Login with username and password null" time="0.0"/>
  <testcase name="" classname="Scenario: Login with username and password null" time="0.973"/>
  <testcase name="Given user membuka situs psegameshop" classname="Scenario: Login with username null" time="0.0">
    <system-out><![CDATA[
  @LoginTes
  Scenario: Login with username and password null                                       &amp#27;[90m# features/LoginTes.feature:16&amp#27;[0m
    &amp#27;[32mGiven &amp#27;[0m&amp#27;[32muser membuka situs psegameshop&amp#27;[0m                                                &amp#27;[90m# Login.dashboardPage()&amp#27;[0m
    &amp#27;[32mWhen &amp#27;[0m&amp#27;[32muser memastikan header logo dan tombol akun terlihat pada halaman&amp#27;[0m              &amp#27;[90m# Login.headerAkunDisplayed()&amp#27;[0m
    &amp#27;[32mAnd &amp#27;[0m&amp#27;[32muser click button icon akun user untuk login&amp#27;[0m                                    &amp#27;[90m# Login.clickAkun()&amp#27;[0m
    &amp#27;[32mAnd &amp#27;[0m&amp#27;[32muser memastikan label login label username label password terlihat pada halaman&amp#27;[0m &amp#27;[90m# Login.cekLabel()&amp#27;[0m
    &amp#27;[32mThen &amp#27;[0m&amp#27;[32muser melakukan input username "&amp#27;[0m&amp#27;[32m&amp#27;[1m&amp#27;[0m&amp#27;[32m" password "&amp#27;[0m&amp#27;[32m&amp#27;[1m&amp#27;[0m&amp#27;[32m"&amp#27;[0m                                   &amp#27;[90m# Login.inputUserPass(String,String)&amp#27;[0m
    &amp#27;[32mAnd &amp#27;[0m&amp#27;[32muser click button Login&amp#27;[0m                                                         &amp#27;[90m# Login.clickLogin()&amp#27;[0m
    &amp#27;[32mThen &amp#27;[0m&amp#27;[32malert username require muncul pada halaman&amp#27;[0m                                     &amp#27;[90m# Login.alertUsernameRequiredDisplayed()&amp#27;[0m
]]></system-out>
    <system-err><![CDATA[Feb 08, 2024 9:42:44 AM org.openqa.selenium.devtools.CdpVersionFinder findNearestMatch
WARNING: Unable to find CDP implementation matching 121
Feb 08, 2024 9:42:44 AM org.openqa.selenium.chromium.ChromiumDriver lambda$new$5
WARNING: Unable to find version of CDP to use for 121.0.6167.141. You may need to include a dependency on a specific version of the CDP using something similar to `org.seleniumhq.selenium:selenium-devtools-v86:4.12.0` where the version ("v86") matches the version of the chromium-based browser you're using and the version number of the artifact is the same as Selenium's.
]]></system-err>
  </testcase>
  <testcase name="When user memastikan header logo dan tombol akun terlihat pada halaman" classname="Scenario: Login with username null" time="0.0"/>
  <testcase name="And user click button icon akun user untuk login" classname="Scenario: Login with username null" time="0.0"/>
  <testcase name="And user memastikan label login label username label password terlihat pada halaman" classname="Scenario: Login with username null" time="0.0"/>
  <testcase name="Then user melakukan input username &quot;&quot; password &quot;PasswordMukhlis123!&quot;" classname="Scenario: Login with username null" time="0.0"/>
  <testcase name="And user click button Login" classname="Scenario: Login with username null" time="0.0"/>
  <testcase name="Then alert username require muncul pada halaman" classname="Scenario: Login with username null" time="0.0"/>
  <testcase name="" classname="Scenario: Login with username null" time="0.933"/>
  <testcase name="Given user membuka situs psegameshop" classname="Scenario: Login with password null" time="0.0">
    <system-out><![CDATA[
  @LoginTes
  Scenario: Login with username null                                                    &amp#27;[90m# features/LoginTes.feature:26&amp#27;[0m
    &amp#27;[32mGiven &amp#27;[0m&amp#27;[32muser membuka situs psegameshop&amp#27;[0m                                                &amp#27;[90m# Login.dashboardPage()&amp#27;[0m
    &amp#27;[32mWhen &amp#27;[0m&amp#27;[32muser memastikan header logo dan tombol akun terlihat pada halaman&amp#27;[0m              &amp#27;[90m# Login.headerAkunDisplayed()&amp#27;[0m
    &amp#27;[32mAnd &amp#27;[0m&amp#27;[32muser click button icon akun user untuk login&amp#27;[0m                                    &amp#27;[90m# Login.clickAkun()&amp#27;[0m
    &amp#27;[32mAnd &amp#27;[0m&amp#27;[32muser memastikan label login label username label password terlihat pada halaman&amp#27;[0m &amp#27;[90m# Login.cekLabel()&amp#27;[0m
    &amp#27;[32mThen &amp#27;[0m&amp#27;[32muser melakukan input username "&amp#27;[0m&amp#27;[32m&amp#27;[1m&amp#27;[0m&amp#27;[32m" password "&amp#27;[0m&amp#27;[32m&amp#27;[1mPasswordMukhlis123!&amp#27;[0m&amp#27;[32m"&amp#27;[0m                &amp#27;[90m# Login.inputUserPass(String,String)&amp#27;[0m
    &amp#27;[32mAnd &amp#27;[0m&amp#27;[32muser click button Login&amp#27;[0m                                                         &amp#27;[90m# Login.clickLogin()&amp#27;[0m
    &amp#27;[32mThen &amp#27;[0m&amp#27;[32malert username require muncul pada halaman&amp#27;[0m                                     &amp#27;[90m# Login.alertUsernameRequiredDisplayed()&amp#27;[0m
]]></system-out>
    <system-err><![CDATA[Feb 08, 2024 9:43:00 AM org.openqa.selenium.devtools.CdpVersionFinder findNearestMatch
WARNING: Unable to find CDP implementation matching 121
Feb 08, 2024 9:43:00 AM org.openqa.selenium.chromium.ChromiumDriver lambda$new$5
WARNING: Unable to find version of CDP to use for 121.0.6167.141. You may need to include a dependency on a specific version of the CDP using something similar to `org.seleniumhq.selenium:selenium-devtools-v86:4.12.0` where the version ("v86") matches the version of the chromium-based browser you're using and the version number of the artifact is the same as Selenium's.
]]></system-err>
  </testcase>
  <testcase name="When user memastikan header logo dan tombol akun terlihat pada halaman" classname="Scenario: Login with password null" time="0.0"/>
  <testcase name="And user click button icon akun user untuk login" classname="Scenario: Login with password null" time="0.0"/>
  <testcase name="And user memastikan label login label username label password terlihat pada halaman" classname="Scenario: Login with password null" time="0.0"/>
  <testcase name="Then user melakukan input username &quot;mukhlisanshori123@gmail.com&quot; password &quot;&quot;" classname="Scenario: Login with password null" time="0.0"/>
  <testcase name="And user click button Login" classname="Scenario: Login with password null" time="0.0"/>
  <testcase name="Then alert password require muncul pada halaman" classname="Scenario: Login with password null" time="0.0"/>
  <testcase name="" classname="Scenario: Login with password null" time="0.904"/>
  <testcase name="Given user membuka situs psegameshop" classname="Scenario: Login with wrong password" time="0.0">
    <system-out><![CDATA[
  @LoginTes
  Scenario: Login with password null                                                    &amp#27;[90m# features/LoginTes.feature:36&amp#27;[0m
    &amp#27;[32mGiven &amp#27;[0m&amp#27;[32muser membuka situs psegameshop&amp#27;[0m                                                &amp#27;[90m# Login.dashboardPage()&amp#27;[0m
    &amp#27;[32mWhen &amp#27;[0m&amp#27;[32muser memastikan header logo dan tombol akun terlihat pada halaman&amp#27;[0m              &amp#27;[90m# Login.headerAkunDisplayed()&amp#27;[0m
    &amp#27;[32mAnd &amp#27;[0m&amp#27;[32muser click button icon akun user untuk login&amp#27;[0m                                    &amp#27;[90m# Login.clickAkun()&amp#27;[0m
    &amp#27;[32mAnd &amp#27;[0m&amp#27;[32muser memastikan label login label username label password terlihat pada halaman&amp#27;[0m &amp#27;[90m# Login.cekLabel()&amp#27;[0m
    &amp#27;[32mThen &amp#27;[0m&amp#27;[32muser melakukan input username "&amp#27;[0m&amp#27;[32m&amp#27;[1mmukhlisanshori123@gmail.com&amp#27;[0m&amp#27;[32m" password "&amp#27;[0m&amp#27;[32m&amp#27;[1m&amp#27;[0m&amp#27;[32m"&amp#27;[0m        &amp#27;[90m# Login.inputUserPass(String,String)&amp#27;[0m
    &amp#27;[32mAnd &amp#27;[0m&amp#27;[32muser click button Login&amp#27;[0m                                                         &amp#27;[90m# Login.clickLogin()&amp#27;[0m
    &amp#27;[32mThen &amp#27;[0m&amp#27;[32malert password require muncul pada halaman&amp#27;[0m                                     &amp#27;[90m# Login.alertPasswordRequiredDisplayed()&amp#27;[0m
]]></system-out>
    <system-err><![CDATA[Feb 08, 2024 9:43:16 AM org.openqa.selenium.devtools.CdpVersionFinder findNearestMatch
WARNING: Unable to find CDP implementation matching 121
Feb 08, 2024 9:43:16 AM org.openqa.selenium.chromium.ChromiumDriver lambda$new$5
WARNING: Unable to find version of CDP to use for 121.0.6167.141. You may need to include a dependency on a specific version of the CDP using something similar to `org.seleniumhq.selenium:selenium-devtools-v86:4.12.0` where the version ("v86") matches the version of the chromium-based browser you're using and the version number of the artifact is the same as Selenium's.
]]></system-err>
  </testcase>
  <testcase name="When user memastikan header logo dan tombol akun terlihat pada halaman" classname="Scenario: Login with wrong password" time="0.0"/>
  <testcase name="And user click button icon akun user untuk login" classname="Scenario: Login with wrong password" time="0.0"/>
  <testcase name="And user memastikan label login label username label password terlihat pada halaman" classname="Scenario: Login with wrong password" time="0.0"/>
  <testcase name="Then user melakukan input username &quot;mukhlisanshori123@gmail.com&quot; password &quot;WrongPassword123!&quot;" classname="Scenario: Login with wrong password" time="0.0"/>
  <testcase name="And user click button Login" classname="Scenario: Login with wrong password" time="0.0"/>
  <testcase name="Then alert invalid password muncul pada halaman" classname="Scenario: Login with wrong password" time="0.0"/>
  <testcase name="" classname="Scenario: Login with wrong password" time="0.929"/>
  <testcase name="Given user membuka situs psegameshop" classname="Scenario: Login with unregistered username" time="0.0">
    <system-out><![CDATA[
  @LoginTes
  Scenario: Login with wrong password                                                             &amp#27;[90m# features/LoginTes.feature:46&amp#27;[0m
    &amp#27;[32mGiven &amp#27;[0m&amp#27;[32muser membuka situs psegameshop&amp#27;[0m                                                          &amp#27;[90m# Login.dashboardPage()&amp#27;[0m
    &amp#27;[32mWhen &amp#27;[0m&amp#27;[32muser memastikan header logo dan tombol akun terlihat pada halaman&amp#27;[0m                        &amp#27;[90m# Login.headerAkunDisplayed()&amp#27;[0m
    &amp#27;[32mAnd &amp#27;[0m&amp#27;[32muser click button icon akun user untuk login&amp#27;[0m                                              &amp#27;[90m# Login.clickAkun()&amp#27;[0m
    &amp#27;[32mAnd &amp#27;[0m&amp#27;[32muser memastikan label login label username label password terlihat pada halaman&amp#27;[0m           &amp#27;[90m# Login.cekLabel()&amp#27;[0m
    &amp#27;[32mThen &amp#27;[0m&amp#27;[32muser melakukan input username "&amp#27;[0m&amp#27;[32m&amp#27;[1mmukhlisanshori123@gmail.com&amp#27;[0m&amp#27;[32m" password "&amp#27;[0m&amp#27;[32m&amp#27;[1mWrongPassword123!&amp#27;[0m&amp#27;[32m"&amp#27;[0m &amp#27;[90m# Login.inputUserPass(String,String)&amp#27;[0m
    &amp#27;[32mAnd &amp#27;[0m&amp#27;[32muser click button Login&amp#27;[0m                                                                   &amp#27;[90m# Login.clickLogin()&amp#27;[0m
    &amp#27;[32mThen &amp#27;[0m&amp#27;[32malert invalid password muncul pada halaman&amp#27;[0m                                               &amp#27;[90m# Login.alertInvalidPasswordDisplayed()&amp#27;[0m
]]></system-out>
    <system-err><![CDATA[Feb 08, 2024 9:43:32 AM org.openqa.selenium.devtools.CdpVersionFinder findNearestMatch
WARNING: Unable to find CDP implementation matching 121
Feb 08, 2024 9:43:32 AM org.openqa.selenium.chromium.ChromiumDriver lambda$new$5
WARNING: Unable to find version of CDP to use for 121.0.6167.141. You may need to include a dependency on a specific version of the CDP using something similar to `org.seleniumhq.selenium:selenium-devtools-v86:4.12.0` where the version ("v86") matches the version of the chromium-based browser you're using and the version number of the artifact is the same as Selenium's.
]]></system-err>
  </testcase>
  <testcase name="When user memastikan header logo dan tombol akun terlihat pada halaman" classname="Scenario: Login with unregistered username" time="0.0"/>
  <testcase name="And user click button icon akun user untuk login" classname="Scenario: Login with unregistered username" time="0.0"/>
  <testcase name="And user memastikan label login label username label password terlihat pada halaman" classname="Scenario: Login with unregistered username" time="0.0"/>
  <testcase name="Then user melakukan input username &quot;mukhlisanshori1997@gmail.com&quot; password &quot;PasswordMukhlis123!&quot;" classname="Scenario: Login with unregistered username" time="0.0"/>
  <testcase name="And user click button Login" classname="Scenario: Login with unregistered username" time="0.0"/>
  <testcase name="Then alert invalid email muncul pada halaman" classname="Scenario: Login with unregistered username" time="0.0"/>
  <testcase name="" classname="Scenario: Login with unregistered username" time="0.994"/>
</testsuite>